<?xml version="1.0" encoding="UTF-8"?>
<!-- Generated by org.testng.reporters.JUnitReportReporter -->
<testsuite hostname="abc-20-r203in" failures="0" tests="1" name="pettyCashTest.EditPettyCash" time="14.514" errors="0" timestamp="2024-03-08T09:24:57 IST" skipped="0">
  <testcase classname="pettyCashTest.EditPettyCash" name="editPettyCash" time="14.514"/>
</testsuite> <!-- pettyCashTest.EditPettyCash -->
