<?xml version="1.0" encoding="UTF-8"?>
<!-- Generated by org.testng.reporters.JUnitReportReporter -->
<testsuite hostname="abc-20-r203in" failures="0" tests="5" name="tests.LoginTest" time="47.170" errors="0" timestamp="2024-03-01T18:44:17 IST" skipped="0">
  <testcase classname="tests.LoginTest" name="login" time="14.184"/>
  <testcase classname="tests.LoginTest" name="login" time="18.424"/>
  <testcase classname="tests.LoginTest" name="login" time="4.437"/>
  <testcase classname="tests.LoginTest" name="login" time="5.578"/>
  <testcase classname="tests.LoginTest" name="login" time="4.547"/>
</testsuite> <!-- tests.LoginTest -->
