<?xml version="1.0" encoding="UTF-8"?>
<!-- Generated by org.testng.reporters.JUnitReportReporter -->
<testsuite hostname="abc-20-r203in" failures="0" tests="1" name="pettyCashTest.AddPettyCash" time="17.032" errors="0" timestamp="2024-03-08T19:18:36 IST" skipped="0">
  <testcase classname="pettyCashTest.AddPettyCash" name="addPettyCash" time="17.032"/>
</testsuite> <!-- pettyCashTest.AddPettyCash -->
