<?xml version="1.0" encoding="UTF-8"?>
<!-- Generated by org.testng.reporters.JUnitReportReporter -->
<testsuite hostname="abc-20-r203in" failures="0" tests="5" name="LoginTest.LoginTest" time="133.801" errors="0" timestamp="2024-03-08T17:45:04 IST" skipped="0">
  <testcase classname="LoginTest.LoginTest" name="login" time="37.462"/>
  <testcase classname="LoginTest.LoginTest" name="login" time="20.837"/>
  <testcase classname="LoginTest.LoginTest" name="login" time="21.292"/>
  <testcase classname="LoginTest.LoginTest" name="login" time="23.865"/>
  <testcase classname="LoginTest.LoginTest" name="login" time="30.345"/>
</testsuite> <!-- LoginTest.LoginTest -->
